# JRE version: Java(TM) SE Runtime Environment (17.0+35) (build 17+35-LTS-2724)
# Java VM: Java HotSpot(TM) 64-Bit Server VM (17+35-LTS-2724, mixed mode, emulated-client, sharing, tiered, compressed oops, compressed class ptrs, g1 gc, windows-amd64)
GC Precious Log:
 CPUs: 8 total, 8 available
 Memory: 7957M
 Large Page Support: Disabled
 NUMA Support: Disabled
 Compressed Oops: Enabled (32-bit)
 Heap Region Size: 1M
 Heap Min Capacity: 8M
 Heap Initial Capacity: 126M
 Heap Max Capacity: 1990M
 Pre-touch: Disabled
 Parallel Workers: 8
 Concurrent Workers: 2
 Concurrent Refinement Workers: 8
 Periodic GC: Disabled
Heap:
 garbage-first heap   total 68608K, used 22603K [0x0000000083a00000, 0x0000000100000000)
  region size 1024K, 2 young (2048K), 2 survivors (2048K)
 Metaspace       used 51280K, committed 51776K, reserved 1097728K
  class space    used 7229K, committed 7424K, reserved 1048576K
GC Heap History (20 events):
Event: 1.151 GC heap after
{Heap after GC invocations=2 (full 0):
 garbage-first heap   total 129024K, used 9021K [0x0000000083a00000, 0x0000000100000000)
  region size 1024K, 2 young (2048K), 2 survivors (2048K)
 Metaspace       used 12996K, committed 13312K, reserved 1064960K
  class space    used 1723K, committed 1856K, reserved 1048576K
}
Event: 1.434 GC heap before
{Heap before GC invocations=2 (full 0):
 garbage-first heap   total 129024K, used 81725K [0x0000000083a00000, 0x0000000100000000)
  region size 1024K, 74 young (75776K), 2 survivors (2048K)
 Metaspace       used 17832K, committed 18112K, reserved 1064960K
  class space    used 2381K, committed 2496K, reserved 1048576K
}
Event: 1.440 GC heap after
{Heap after GC invocations=3 (full 0):
 garbage-first heap   total 129024K, used 11581K [0x0000000083a00000, 0x0000000100000000)
  region size 1024K, 5 young (5120K), 5 survivors (5120K)
 Metaspace       used 17832K, committed 18112K, reserved 1064960K
  class space    used 2381K, committed 2496K, reserved 1048576K
}
Event: 1.479 GC heap before
{Heap before GC invocations=3 (full 0):
 garbage-first heap   total 129024K, used 82237K [0x0000000083a00000, 0x0000000100000000)
  region size 1024K, 75 young (76800K), 5 survivors (5120K)
 Metaspace       used 18306K, committed 18624K, reserved 1064960K
  class space    used 2426K, committed 2560K, reserved 1048576K
}
Event: 1.483 GC heap after
{Heap after GC invocations=4 (full 0):
 garbage-first heap   total 129024K, used 11980K [0x0000000083a00000, 0x0000000100000000)
  region size 1024K, 5 young (5120K), 5 survivors (5120K)
 Metaspace       used 18306K, committed 18624K, reserved 1064960K
  class space    used 2426K, committed 2560K, reserved 1048576K
}
Event: 1.798 GC heap before
{Heap before GC invocations=4 (full 0):
 garbage-first heap   total 129024K, used 39628K [0x0000000083a00000, 0x0000000100000000)
  region size 1024K, 33 young (33792K), 5 survivors (5120K)
 Metaspace       used 21264K, committed 21504K, reserved 1073152K
  class space    used 2884K, committed 3008K, reserved 1048576K
}
Event: 1.804 GC heap after
{Heap after GC invocations=5 (full 0):
 garbage-first heap   total 129024K, used 13592K [0x0000000083a00000, 0x0000000100000000)
  region size 1024K, 7 young (7168K), 7 survivors (7168K)
 Metaspace       used 21264K, committed 21504K, reserved 1073152K
  class space    used 2884K, committed 3008K, reserved 1048576K
}
Event: 2.115 GC heap before
{Heap before GC invocations=6 (full 0):
 garbage-first heap   total 51200K, used 38168K [0x0000000083a00000, 0x0000000100000000)
  region size 1024K, 31 young (31744K), 7 survivors (7168K)
 Metaspace       used 24927K, committed 25344K, reserved 1073152K
  class space    used 3463K, committed 3648K, reserved 1048576K
}
Event: 2.123 GC heap after
{Heap after GC invocations=7 (full 0):
 garbage-first heap   total 68608K, used 15786K [0x0000000083a00000, 0x0000000100000000)
  region size 1024K, 4 young (4096K), 4 survivors (4096K)
 Metaspace       used 24927K, committed 25344K, reserved 1073152K
  class space    used 3463K, committed 3648K, reserved 1048576K
}
Event: 2.134 GC heap before
{Heap before GC invocations=7 (full 0):
 garbage-first heap   total 68608K, used 16810K [0x0000000083a00000, 0x0000000100000000)
  region size 1024K, 5 young (5120K), 4 survivors (4096K)
 Metaspace       used 25004K, committed 25408K, reserved 1073152K
  class space    used 3475K, committed 3648K, reserved 1048576K
}
Event: 2.140 GC heap after
{Heap after GC invocations=8 (full 0):
 garbage-first heap   total 68608K, used 16531K [0x0000000083a00000, 0x0000000100000000)
  region size 1024K, 1 young (1024K), 1 survivors (1024K)
 Metaspace       used 25004K, committed 25408K, reserved 1073152K
  class space    used 3475K, committed 3648K, reserved 1048576K
}
Event: 2.509 GC heap before
{Heap before GC invocations=8 (full 0):
 garbage-first heap   total 68608K, used 51347K [0x0000000083a00000, 0x0000000100000000)
  region size 1024K, 35 young (35840K), 1 survivors (1024K)
 Metaspace       used 30951K, committed 31424K, reserved 1081344K
  class space    used 4307K, committed 4480K, reserved 1048576K
}
Event: 2.512 GC heap after
{Heap after GC invocations=9 (full 0):
 garbage-first heap   total 68608K, used 18011K [0x0000000083a00000, 0x0000000100000000)
  region size 1024K, 3 young (3072K), 3 survivors (3072K)
 Metaspace       used 30951K, committed 31424K, reserved 1081344K
  class space    used 4307K, committed 4480K, reserved 1048576K
}
Event: 2.762 GC heap before
{Heap before GC invocations=9 (full 0):
 garbage-first heap   total 68608K, used 35419K [0x0000000083a00000, 0x0000000100000000)
  region size 1024K, 21 young (21504K), 3 survivors (3072K)
 Metaspace       used 35636K, committed 36096K, reserved 1081344K
  class space    used 4983K, committed 5248K, reserved 1048576K
}
Event: 2.764 GC heap after
{Heap after GC invocations=10 (full 0):
 garbage-first heap   total 68608K, used 19278K [0x0000000083a00000, 0x0000000100000000)
  region size 1024K, 4 young (4096K), 4 survivors (4096K)
 Metaspace       used 35636K, committed 36096K, reserved 1081344K
  class space    used 4983K, committed 5248K, reserved 1048576K
}
Event: 3.225 GC heap before
{Heap before GC invocations=11 (full 0):
 garbage-first heap   total 68608K, used 52046K [0x0000000083a00000, 0x0000000100000000)
  region size 1024K, 36 young (36864K), 4 survivors (4096K)
 Metaspace       used 44511K, committed 44992K, reserved 1089536K
  class space    used 6179K, committed 6400K, reserved 1048576K
}
Event: 3.228 GC heap after
{Heap after GC invocations=12 (full 0):
 garbage-first heap   total 68608K, used 21315K [0x0000000083a00000, 0x0000000100000000)
  region size 1024K, 4 young (4096K), 4 survivors (4096K)
 Metaspace       used 44511K, committed 44992K, reserved 1089536K
  class space    used 6179K, committed 6400K, reserved 1048576K
}
Event: 3.237 GC heap before
{Heap before GC invocations=12 (full 0):
 garbage-first heap   total 68608K, used 22339K [0x0000000083a00000, 0x0000000100000000)
  region size 1024K, 5 young (5120K), 4 survivors (4096K)
 Metaspace       used 44511K, committed 44992K, reserved 1089536K
  class space    used 6179K, committed 6400K, reserved 1048576K
}
Event: 3.240 GC heap after
{Heap after GC invocations=13 (full 0):
 garbage-first heap   total 68608K, used 21597K [0x0000000083a00000, 0x0000000100000000)
  region size 1024K, 1 young (1024K), 1 survivors (1024K)
 Metaspace       used 44511K, committed 44992K, reserved 1089536K
  class space    used 6179K, committed 6400K, reserved 1048576K
}
Event: 3.643 GC heap before
{Heap before GC invocations=13 (full 0):
 garbage-first heap   total 68608K, used 52317K [0x0000000083a00000, 0x0000000100000000)
  region size 1024K, 32 young (32768K), 1 survivors (1024K)
 Metaspace       used 51280K, committed 51776K, reserved 1097728K
  class space    used 7229K, committed 7424K, reserved 1048576K
}

